<?xml version="1.0" encoding="UTF-8"?>
<!-- Generated by org.testng.reporters.JUnitXMLReporter -->
<testsuite ignored="2" hostname="VNCP-Lap" failures="0" tests="1" name="Sanity Test" time="15.477" errors="0" timestamp="2022-12-12T14:33:01 GMT">
  <testcase classname="com.herokuapp.internet.testsuite.LoginPageTest" name="UserShouldLoginSuccessfullyWithValidCredentials" time="1.296"/>
  <testcase classname="com.herokuapp.internet.testsuite.LoginPageTest" name="verifyThePasswordErrorMessage" time="0.0">
    <ignored/>
  </testcase> <!-- verifyThePasswordErrorMessage -->
  <testcase classname="com.herokuapp.internet.testsuite.LoginPageTest" name="verifyTheUsernameErrorMessage" time="0.0">
    <ignored/>
  </testcase> <!-- verifyTheUsernameErrorMessage -->
</testsuite> <!-- Sanity Test -->
