<?xml version="1.0" encoding="UTF-8"?>
<!-- Generated by org.testng.reporters.JUnitXMLReporter -->
<testsuite ignored="0" hostname="VNCP-Lap" failures="0" tests="3" name="Regression Test" time="22.238" errors="0" timestamp="2022-12-12T20:01:45 GMT">
  <testcase classname="com.herokuapp.internet.testsuite.LoginPageTest" name="UserShouldLoginSuccessfullyWithValidCredentials" time="0.722"/>
  <testcase classname="com.herokuapp.internet.testsuite.LoginPageTest" name="verifyThePasswordErrorMessage" time="0.777"/>
  <testcase classname="com.herokuapp.internet.testsuite.LoginPageTest" name="verifyTheUsernameErrorMessage" time="0.747"/>
</testsuite> <!-- Regression Test -->
