<?xml version="1.0" encoding="UTF-8"?>
<testsuite name="Login Test"
           tests="3"
           failures="0"
           errors="0"
           skipped="0"
           time="3.325">
  <properties />
  
  
            <testcase name="UserShouldLoginSuccessfullyWithValidCredentials" time="1.436" classname="com.herokuapp.internet.testsuite.LoginPageTest" />
                <testcase name="verifyTheUsernameErrorMessage" time="1.028" classname="com.herokuapp.internet.testsuite.LoginPageTest" />
                <testcase name="verifyThePasswordErrorMessage" time="0.861" classname="com.herokuapp.internet.testsuite.LoginPageTest" />
      
</testsuite>
