<?xml version="1.0" encoding="UTF-8"?>
<testng-results ignored="0" total="3" passed="3" failed="0" skipped="0">
  <reporter-output>
    <line>
      <![CDATA[Click to see screenshot]]>
    </line>
    <line>
      <![CDATA[<a target = "_blank" href=C:\Users\Nimisha\com-herokuapp-wk-15-new-nimishapatel/test-output/html/UserShouldLoginSuccessfullyWithValidCredentialsMon_Dec_12_20_01_32_GMT_2022.jpg>Screenshot</a>]]>
    </line>
    <line>
      <![CDATA[<br>]]>
    </line>
    <line>
      <![CDATA[Click to see screenshot]]>
    </line>
    <line>
      <![CDATA[<a target = "_blank" href=C:\Users\Nimisha\com-herokuapp-wk-15-new-nimishapatel/test-output/html/UserShouldLoginSuccessfullyWithValidCredentialsMon_Dec_12_20_01_32_GMT_2022.jpg>Screenshot</a>]]>
    </line>
    <line>
      <![CDATA[<br>]]>
    </line>
    <line>
      <![CDATA[Click to see screenshot]]>
    </line>
    <line>
      <![CDATA[<a target = "_blank" href=C:\Users\Nimisha\com-herokuapp-wk-15-new-nimishapatel/test-output/html/verifyThePasswordErrorMessageMon_Dec_12_20_01_38_GMT_2022.jpg>Screenshot</a>]]>
    </line>
    <line>
      <![CDATA[<br>]]>
    </line>
    <line>
      <![CDATA[Click to see screenshot]]>
    </line>
    <line>
      <![CDATA[<a target = "_blank" href=C:\Users\Nimisha\com-herokuapp-wk-15-new-nimishapatel/test-output/html/verifyThePasswordErrorMessageMon_Dec_12_20_01_38_GMT_2022.jpg>Screenshot</a>]]>
    </line>
    <line>
      <![CDATA[<br>]]>
    </line>
    <line>
      <![CDATA[Click to see screenshot]]>
    </line>
    <line>
      <![CDATA[<a target = "_blank" href=C:\Users\Nimisha\com-herokuapp-wk-15-new-nimishapatel/test-output/html/verifyTheUsernameErrorMessageMon_Dec_12_20_01_44_GMT_2022.jpg>Screenshot</a>]]>
    </line>
    <line>
      <![CDATA[<br>]]>
    </line>
    <line>
      <![CDATA[Click to see screenshot]]>
    </line>
    <line>
      <![CDATA[<a target = "_blank" href=C:\Users\Nimisha\com-herokuapp-wk-15-new-nimishapatel/test-output/html/verifyTheUsernameErrorMessageMon_Dec_12_20_01_44_GMT_2022.jpg>Screenshot</a>]]>
    </line>
    <line>
      <![CDATA[<br>]]>
    </line>
  </reporter-output>
  <suite started-at="2022-12-12T20:01:22 GMT" name="Regression Suite" finished-at="2022-12-12T20:01:45 GMT" duration-ms="22238">
    <groups>
      <group name="regression">
        <method signature="LoginPageTest.UserShouldLoginSuccessfullyWithValidCredentials()[pri:0, instance:com.herokuapp.internet.testsuite.LoginPageTest@e15b7e8]" name="UserShouldLoginSuccessfullyWithValidCredentials" class="com.herokuapp.internet.testsuite.LoginPageTest"/>
        <method signature="LoginPageTest.verifyThePasswordErrorMessage()[pri:0, instance:com.herokuapp.internet.testsuite.LoginPageTest@e15b7e8]" name="verifyThePasswordErrorMessage" class="com.herokuapp.internet.testsuite.LoginPageTest"/>
        <method signature="LoginPageTest.verifyTheUsernameErrorMessage()[pri:0, instance:com.herokuapp.internet.testsuite.LoginPageTest@e15b7e8]" name="verifyTheUsernameErrorMessage" class="com.herokuapp.internet.testsuite.LoginPageTest"/>
      </group> <!-- regression -->
      <group name="smoke">
        <method signature="LoginPageTest.verifyTheUsernameErrorMessage()[pri:0, instance:com.herokuapp.internet.testsuite.LoginPageTest@e15b7e8]" name="verifyTheUsernameErrorMessage" class="com.herokuapp.internet.testsuite.LoginPageTest"/>
      </group> <!-- smoke -->
      <group name="sanity">
        <method signature="LoginPageTest.UserShouldLoginSuccessfullyWithValidCredentials()[pri:0, instance:com.herokuapp.internet.testsuite.LoginPageTest@e15b7e8]" name="UserShouldLoginSuccessfullyWithValidCredentials" class="com.herokuapp.internet.testsuite.LoginPageTest"/>
      </group> <!-- sanity -->
    </groups>
    <test started-at="2022-12-12T20:01:22 GMT" name="Regression Test" finished-at="2022-12-12T20:01:45 GMT" duration-ms="22238">
      <class name="com.herokuapp.internet.testsuite.LoginPageTest">
        <test-method is-config="true" signature="setUp()[pri:0, instance:com.herokuapp.internet.testsuite.LoginPageTest@e15b7e8]" started-at="2022-12-12T20:01:23 GMT" name="setUp" finished-at="2022-12-12T20:01:31 GMT" duration-ms="7986" status="PASS">
          <reporter-output>
          </reporter-output>
        </test-method> <!-- setUp -->
        <test-method is-config="true" signature="inIt()[pri:0, instance:com.herokuapp.internet.testsuite.LoginPageTest@e15b7e8]" started-at="2022-12-12T20:01:31 GMT" name="inIt" finished-at="2022-12-12T20:01:31 GMT" duration-ms="42" status="PASS">
          <reporter-output>
          </reporter-output>
        </test-method> <!-- inIt -->
        <test-method signature="UserShouldLoginSuccessfullyWithValidCredentials()[pri:0, instance:com.herokuapp.internet.testsuite.LoginPageTest@e15b7e8]" started-at="2022-12-12T20:01:31 GMT" name="UserShouldLoginSuccessfullyWithValidCredentials" finished-at="2022-12-12T20:01:32 GMT" duration-ms="722" status="PASS">
          <reporter-output>
            <line>
              <![CDATA[Click to see screenshot]]>
            </line>
            <line>
              <![CDATA[<a target = "_blank" href=C:\Users\Nimisha\com-herokuapp-wk-15-new-nimishapatel/test-output/html/UserShouldLoginSuccessfullyWithValidCredentialsMon_Dec_12_20_01_32_GMT_2022.jpg>Screenshot</a>]]>
            </line>
            <line>
              <![CDATA[<br>]]>
            </line>
            <line>
              <![CDATA[Click to see screenshot]]>
            </line>
            <line>
              <![CDATA[<a target = "_blank" href=C:\Users\Nimisha\com-herokuapp-wk-15-new-nimishapatel/test-output/html/UserShouldLoginSuccessfullyWithValidCredentialsMon_Dec_12_20_01_32_GMT_2022.jpg>Screenshot</a>]]>
            </line>
            <line>
              <![CDATA[<br>]]>
            </line>
          </reporter-output>
        </test-method> <!-- UserShouldLoginSuccessfullyWithValidCredentials -->
        <test-method is-config="true" signature="tearDown()[pri:0, instance:com.herokuapp.internet.testsuite.LoginPageTest@e15b7e8]" started-at="2022-12-12T20:01:32 GMT" name="tearDown" finished-at="2022-12-12T20:01:33 GMT" duration-ms="890" status="PASS">
          <reporter-output>
          </reporter-output>
        </test-method> <!-- tearDown -->
        <test-method is-config="true" signature="setUp()[pri:0, instance:com.herokuapp.internet.testsuite.LoginPageTest@e15b7e8]" started-at="2022-12-12T20:01:33 GMT" name="setUp" finished-at="2022-12-12T20:01:37 GMT" duration-ms="3153" status="PASS">
          <reporter-output>
          </reporter-output>
        </test-method> <!-- setUp -->
        <test-method is-config="true" signature="inIt()[pri:0, instance:com.herokuapp.internet.testsuite.LoginPageTest@e15b7e8]" started-at="2022-12-12T20:01:37 GMT" name="inIt" finished-at="2022-12-12T20:01:37 GMT" duration-ms="3" status="PASS">
          <reporter-output>
          </reporter-output>
        </test-method> <!-- inIt -->
        <test-method signature="verifyThePasswordErrorMessage()[pri:0, instance:com.herokuapp.internet.testsuite.LoginPageTest@e15b7e8]" started-at="2022-12-12T20:01:37 GMT" name="verifyThePasswordErrorMessage" finished-at="2022-12-12T20:01:37 GMT" duration-ms="777" status="PASS">
          <reporter-output>
            <line>
              <![CDATA[Click to see screenshot]]>
            </line>
            <line>
              <![CDATA[<a target = "_blank" href=C:\Users\Nimisha\com-herokuapp-wk-15-new-nimishapatel/test-output/html/verifyThePasswordErrorMessageMon_Dec_12_20_01_38_GMT_2022.jpg>Screenshot</a>]]>
            </line>
            <line>
              <![CDATA[<br>]]>
            </line>
            <line>
              <![CDATA[Click to see screenshot]]>
            </line>
            <line>
              <![CDATA[<a target = "_blank" href=C:\Users\Nimisha\com-herokuapp-wk-15-new-nimishapatel/test-output/html/verifyThePasswordErrorMessageMon_Dec_12_20_01_38_GMT_2022.jpg>Screenshot</a>]]>
            </line>
            <line>
              <![CDATA[<br>]]>
            </line>
          </reporter-output>
        </test-method> <!-- verifyThePasswordErrorMessage -->
        <test-method is-config="true" signature="tearDown()[pri:0, instance:com.herokuapp.internet.testsuite.LoginPageTest@e15b7e8]" started-at="2022-12-12T20:01:38 GMT" name="tearDown" finished-at="2022-12-12T20:01:39 GMT" duration-ms="854" status="PASS">
          <reporter-output>
          </reporter-output>
        </test-method> <!-- tearDown -->
        <test-method is-config="true" signature="setUp()[pri:0, instance:com.herokuapp.internet.testsuite.LoginPageTest@e15b7e8]" started-at="2022-12-12T20:01:39 GMT" name="setUp" finished-at="2022-12-12T20:01:43 GMT" duration-ms="4158" status="PASS">
          <reporter-output>
          </reporter-output>
        </test-method> <!-- setUp -->
        <test-method is-config="true" signature="inIt()[pri:0, instance:com.herokuapp.internet.testsuite.LoginPageTest@e15b7e8]" started-at="2022-12-12T20:01:43 GMT" name="inIt" finished-at="2022-12-12T20:01:43 GMT" duration-ms="1" status="PASS">
          <reporter-output>
          </reporter-output>
        </test-method> <!-- inIt -->
        <test-method signature="verifyTheUsernameErrorMessage()[pri:0, instance:com.herokuapp.internet.testsuite.LoginPageTest@e15b7e8]" started-at="2022-12-12T20:01:43 GMT" name="verifyTheUsernameErrorMessage" finished-at="2022-12-12T20:01:43 GMT" duration-ms="747" status="PASS">
          <reporter-output>
            <line>
              <![CDATA[Click to see screenshot]]>
            </line>
            <line>
              <![CDATA[<a target = "_blank" href=C:\Users\Nimisha\com-herokuapp-wk-15-new-nimishapatel/test-output/html/verifyTheUsernameErrorMessageMon_Dec_12_20_01_44_GMT_2022.jpg>Screenshot</a>]]>
            </line>
            <line>
              <![CDATA[<br>]]>
            </line>
            <line>
              <![CDATA[Click to see screenshot]]>
            </line>
            <line>
              <![CDATA[<a target = "_blank" href=C:\Users\Nimisha\com-herokuapp-wk-15-new-nimishapatel/test-output/html/verifyTheUsernameErrorMessageMon_Dec_12_20_01_44_GMT_2022.jpg>Screenshot</a>]]>
            </line>
            <line>
              <![CDATA[<br>]]>
            </line>
          </reporter-output>
        </test-method> <!-- verifyTheUsernameErrorMessage -->
        <test-method is-config="true" signature="tearDown()[pri:0, instance:com.herokuapp.internet.testsuite.LoginPageTest@e15b7e8]" started-at="2022-12-12T20:01:44 GMT" name="tearDown" finished-at="2022-12-12T20:01:45 GMT" duration-ms="860" status="PASS">
          <reporter-output>
          </reporter-output>
        </test-method> <!-- tearDown -->
      </class> <!-- com.herokuapp.internet.testsuite.LoginPageTest -->
    </test> <!-- Regression Test -->
  </suite> <!-- Regression Suite -->
</testng-results>
